mode: set
github.com/sarathsp06/gojson/main.go:10.22,11.23 1 0
github.com/sarathsp06/gojson/main.go:14.2,15.49 2 0
github.com/sarathsp06/gojson/main.go:11.23,13.3 1 0
github.com/sarathsp06/gojson/main.go:15.49,15.68 1 0
github.com/sarathsp06/gojson/main.go:20.13,23.16 3 0
github.com/sarathsp06/gojson/main.go:27.2,28.15 2 0
github.com/sarathsp06/gojson/main.go:31.2,31.16 1 0
github.com/sarathsp06/gojson/main.go:35.2,36.16 2 0
github.com/sarathsp06/gojson/main.go:39.2,39.43 1 0
github.com/sarathsp06/gojson/main.go:23.16,26.3 2 0
github.com/sarathsp06/gojson/main.go:28.15,30.3 1 0
github.com/sarathsp06/gojson/main.go:31.16,34.3 2 0
github.com/sarathsp06/gojson/main.go:36.16,38.3 1 0
github.com/sarathsp06/gojson/search.go:11.47,13.48 2 1
github.com/sarathsp06/gojson/search.go:16.2,16.15 1 1
github.com/sarathsp06/gojson/search.go:13.48,15.3 1 1
github.com/sarathsp06/gojson/search.go:21.68,23.27 2 1
github.com/sarathsp06/gojson/search.go:26.2,26.20 1 1
github.com/sarathsp06/gojson/search.go:29.2,29.22 1 1
github.com/sarathsp06/gojson/search.go:23.27,25.3 1 1
github.com/sarathsp06/gojson/search.go:26.20,28.3 1 1
github.com/sarathsp06/gojson/search.go:32.66,34.27 2 1
github.com/sarathsp06/gojson/search.go:40.2,40.36 1 1
github.com/sarathsp06/gojson/search.go:34.27,36.17 2 1
github.com/sarathsp06/gojson/search.go:36.17,38.4 1 1
github.com/sarathsp06/gojson/search.go:43.24,45.2 1 1
github.com/sarathsp06/gojson/search.go:47.51,48.19 1 1
github.com/sarathsp06/gojson/search.go:51.2,54.30 4 1
github.com/sarathsp06/gojson/search.go:58.2,59.23 2 1
github.com/sarathsp06/gojson/search.go:48.19,50.3 1 1
github.com/sarathsp06/gojson/search.go:54.30,57.3 2 1
github.com/sarathsp06/gojson/search.go:70.68,75.16 4 1
github.com/sarathsp06/gojson/search.go:78.2,81.18 3 1
github.com/sarathsp06/gojson/search.go:84.2,85.45 2 1
github.com/sarathsp06/gojson/search.go:75.16,77.3 1 1
github.com/sarathsp06/gojson/search.go:81.18,83.3 1 1
github.com/sarathsp06/gojson/search.go:88.43,90.9 2 1
github.com/sarathsp06/gojson/search.go:91.18,92.18 1 1
github.com/sarathsp06/gojson/search.go:93.33,94.20 1 1
github.com/sarathsp06/gojson/search.go:95.10,96.18 1 1
github.com/sarathsp06/gojson/search.go:100.69,103.2 2 1
github.com/sarathsp06/gojson/search.go:105.56,107.16 2 1
github.com/sarathsp06/gojson/search.go:110.2,110.23 1 1
github.com/sarathsp06/gojson/search.go:116.2,116.18 1 1
github.com/sarathsp06/gojson/search.go:107.16,109.3 1 1
github.com/sarathsp06/gojson/search.go:111.35,112.22 1 1
github.com/sarathsp06/gojson/search.go:113.26,114.35 1 1
github.com/sarathsp06/gojson/search.go:119.57,120.20 1 1
github.com/sarathsp06/gojson/search.go:123.2,123.20 1 1
github.com/sarathsp06/gojson/search.go:126.2,127.16 2 1
github.com/sarathsp06/gojson/search.go:130.2,130.31 1 1
github.com/sarathsp06/gojson/search.go:120.20,122.3 1 1
github.com/sarathsp06/gojson/search.go:123.20,125.3 1 1
github.com/sarathsp06/gojson/search.go:127.16,129.3 1 1
github.com/sarathsp06/gojson/type.go:8.48,10.19 2 1
github.com/sarathsp06/gojson/type.go:13.2,13.16 1 1
github.com/sarathsp06/gojson/type.go:10.19,12.3 1 1
github.com/sarathsp06/gojson/type.go:14.11,15.20 1 1
github.com/sarathsp06/gojson/type.go:16.11,17.36 1 1
github.com/sarathsp06/gojson/type.go:18.11,19.35 1 1
github.com/sarathsp06/gojson/type.go:20.17,21.28 1 1
github.com/sarathsp06/gojson/type.go:22.10,23.29 1 1
github.com/sarathsp06/gojson/format.go:9.46,10.20 1 1
github.com/sarathsp06/gojson/format.go:13.2,14.51 2 1
github.com/sarathsp06/gojson/format.go:17.2,19.23 3 1
github.com/sarathsp06/gojson/format.go:10.20,12.3 1 1
github.com/sarathsp06/gojson/format.go:14.51,16.3 1 1
github.com/sarathsp06/gojson/input.go:10.37,12.2 1 0
github.com/sarathsp06/gojson/input.go:16.58,19.16 3 0
github.com/sarathsp06/gojson/input.go:22.2,22.18 1 0
github.com/sarathsp06/gojson/input.go:19.16,21.3 1 0
