mode: set
github.com/sarathsp06/gojson/format.go:9.46,10.20 1 0
github.com/sarathsp06/gojson/format.go:13.2,14.51 2 0
github.com/sarathsp06/gojson/format.go:17.2,19.23 3 0
github.com/sarathsp06/gojson/format.go:10.20,12.3 1 0
github.com/sarathsp06/gojson/format.go:14.51,16.3 1 0
github.com/sarathsp06/gojson/input.go:10.37,12.2 1 0
github.com/sarathsp06/gojson/input.go:16.33,20.16 4 0
github.com/sarathsp06/gojson/input.go:23.2,23.18 1 0
github.com/sarathsp06/gojson/input.go:20.16,22.3 1 0
github.com/sarathsp06/gojson/main.go:10.22,11.23 1 0
github.com/sarathsp06/gojson/main.go:14.2,15.49 2 0
github.com/sarathsp06/gojson/main.go:11.23,13.3 1 0
github.com/sarathsp06/gojson/main.go:15.49,15.68 1 0
github.com/sarathsp06/gojson/main.go:20.13,23.16 3 0
github.com/sarathsp06/gojson/main.go:27.2,28.15 2 0
github.com/sarathsp06/gojson/main.go:31.2,31.16 1 0
github.com/sarathsp06/gojson/main.go:35.2,36.16 2 0
github.com/sarathsp06/gojson/main.go:39.2,39.43 1 0
github.com/sarathsp06/gojson/main.go:23.16,26.3 2 0
github.com/sarathsp06/gojson/main.go:28.15,30.3 1 0
github.com/sarathsp06/gojson/main.go:31.16,34.3 2 0
github.com/sarathsp06/gojson/main.go:36.16,38.3 1 0
github.com/sarathsp06/gojson/search.go:9.47,11.48 2 1
github.com/sarathsp06/gojson/search.go:14.2,14.15 1 1
github.com/sarathsp06/gojson/search.go:11.48,13.3 1 1
github.com/sarathsp06/gojson/search.go:17.69,19.27 2 1
github.com/sarathsp06/gojson/search.go:22.2,22.20 1 1
github.com/sarathsp06/gojson/search.go:25.2,25.22 1 1
github.com/sarathsp06/gojson/search.go:19.27,21.3 1 1
github.com/sarathsp06/gojson/search.go:22.20,24.3 1 1
github.com/sarathsp06/gojson/search.go:28.56,29.19 1 1
github.com/sarathsp06/gojson/search.go:32.2,32.20 1 1
github.com/sarathsp06/gojson/search.go:35.2,36.16 2 1
github.com/sarathsp06/gojson/search.go:40.2,40.23 1 1
github.com/sarathsp06/gojson/search.go:46.2,46.16 1 1
github.com/sarathsp06/gojson/search.go:49.2,49.30 1 1
github.com/sarathsp06/gojson/search.go:29.19,31.3 1 1
github.com/sarathsp06/gojson/search.go:32.20,34.3 1 1
github.com/sarathsp06/gojson/search.go:36.16,38.3 1 1
github.com/sarathsp06/gojson/search.go:41.35,42.25 1 1
github.com/sarathsp06/gojson/search.go:43.26,44.38 1 1
github.com/sarathsp06/gojson/search.go:46.16,48.3 1 1
github.com/sarathsp06/gojson/type.go:8.48,10.19 2 1
github.com/sarathsp06/gojson/type.go:13.2,13.16 1 1
github.com/sarathsp06/gojson/type.go:10.19,12.3 1 1
github.com/sarathsp06/gojson/type.go:14.11,15.20 1 1
github.com/sarathsp06/gojson/type.go:16.11,17.36 1 1
github.com/sarathsp06/gojson/type.go:18.11,19.35 1 1
github.com/sarathsp06/gojson/type.go:20.17,21.28 1 1
github.com/sarathsp06/gojson/type.go:22.10,23.29 1 1
